TN:
SF:/Users/junl/Documents/Github/first-node-js/src/node-lessons/测试用例：mocha，should，istanbul/main.js
FN:9,fabonacci
FNF:1
FNH:1
FNDA:182,fabonacci
DA:9,1
DA:10,182
DA:11,1
DA:13,181
DA:14,1
DA:16,180
DA:17,1
DA:19,179
DA:20,35
DA:21,144
DA:22,56
DA:23,88
DA:26,1
DA:27,0
DA:28,0
DA:29,0
DA:32,1
LF:17
LH:14
BRDA:10,1,0,1
BRDA:10,1,1,181
BRDA:13,2,0,1
BRDA:13,2,1,180
BRDA:16,3,0,1
BRDA:16,3,1,179
BRDA:19,4,0,35
BRDA:19,4,1,144
BRDA:21,5,0,56
BRDA:21,5,1,88
BRDA:26,6,0,0
BRDA:26,6,1,1
BRF:12
BRH:11
end_of_record
